Vivado Simulator 2018.2
Copyright 1986-1999, 2001-2018 Xilinx, Inc. All Rights Reserved.
Running: C:/Xilinx/Vivado/2018.2/bin/unwrapped/win64.o/xelab.exe -wto f46409856fe749f685439526ed4d3e9b --incr --debug typical --relax --mt 2 -L xil_defaultlib -L unisims_ver -L secureip --snapshot vending_sim_func_synth xil_defaultlib.vending_sim xil_defaultlib.glbl -log elaborate.log 
Using 2 slave threads.
Starting static elaboration
Completed static elaboration
Starting simulation data flow analysis
Completed simulation data flow analysis
Time Resolution for simulation is 1ps
Compiling module unisims_ver.OBUF
Compiling module unisims_ver.LUT5
Compiling module unisims_ver.LUT4
Compiling module unisims_ver.LUT6
Compiling module unisims_ver.x_lut3_mux8
Compiling module unisims_ver.LUT3
Compiling module unisims_ver.BUFG
Compiling module unisims_ver.IBUF
Compiling module unisims_ver.latchsre_ldce
Compiling module unisims_ver.LDCE(INIT=1'b1)
Compiling module unisims_ver.LDCE
Compiling module unisims_ver.FDSE_default
Compiling module unisims_ver.FDRE_default
Compiling module xil_defaultlib.vending
Compiling module xil_defaultlib.vending_sim
Compiling module xil_defaultlib.glbl
Built simulation snapshot vending_sim_func_synth
