
*** Running vivado
    with args -log detector.vdi -applog -m64 -product Vivado -messageDb vivado.pb -mode batch -source detector.tcl -notrace


****** Vivado v2018.2 (64-bit)
  **** SW Build 2258646 on Thu Jun 14 20:03:12 MDT 2018
  **** IP Build 2256618 on Thu Jun 14 22:10:49 MDT 2018
    ** Copyright 1986-2018 Xilinx, Inc. All Rights Reserved.

source detector.tcl -notrace
Command: link_design -top detector -part xc7a100tcsg324-1
Design is defaulting to srcset: sources_1
Design is defaulting to constrset: constrs_1
INFO: [Netlist 29-17] Analyzing 3 Unisim elements for replacement
INFO: [Netlist 29-28] Unisim Transformation completed in 0 CPU seconds
INFO: [Project 1-479] Netlist was created with Vivado 2018.2
INFO: [Device 21-403] Loading part xc7a100tcsg324-1
INFO: [Project 1-570] Preparing netlist for logic optimization
INFO: [Project 1-111] Unisim Transformation Summary:
No Unisim elements were transformed.

6 Infos, 0 Warnings, 0 Critical Warnings and 0 Errors encountered.
link_design completed successfully
link_design: Time (s): cpu = 00:00:08 ; elapsed = 00:00:13 . Memory (MB): peak = 545.883 ; gain = 318.898
Command: opt_design
Attempting to get a license for feature 'Implementation' and/or device 'xc7a100t'
INFO: [Common 17-349] Got license for feature 'Implementation' and/or device 'xc7a100t'
Running DRC as a precondition to command opt_design

Starting DRC Task
INFO: [DRC 23-27] Running DRC with 2 threads
INFO: [Project 1-461] DRC finished with 0 Errors
INFO: [Project 1-462] Please refer to the DRC report (report_drc) for more information.

Time (s): cpu = 00:00:00 ; elapsed = 00:00:00.186 . Memory (MB): peak = 552.836 ; gain = 6.879

Starting Cache Timing Information Task
INFO: [Timing 38-35] Done setting XDC timing constraints.
Ending Cache Timing Information Task | Checksum: c83671b3

Time (s): cpu = 00:00:14 ; elapsed = 00:00:16 . Memory (MB): peak = 1075.465 ; gain = 522.629

Starting Logic Optimization Task

Phase 1 Retarget
INFO: [Opt 31-138] Pushed 0 inverter(s) to 0 load pin(s).
INFO: [Opt 31-49] Retargeted 0 cell(s).
Phase 1 Retarget | Checksum: c83671b3

Time (s): cpu = 00:00:00 ; elapsed = 00:00:00.042 . Memory (MB): peak = 1075.465 ; gain = 0.000
INFO: [Opt 31-389] Phase Retarget created 0 cells and removed 0 cells

Phase 2 Constant propagation
INFO: [Opt 31-138] Pushed 0 inverter(s) to 0 load pin(s).
Phase 2 Constant propagation | Checksum: c83671b3

Time (s): cpu = 00:00:00 ; elapsed = 00:00:00.045 . Memory (MB): peak = 1075.465 ; gain = 0.000
INFO: [Opt 31-389] Phase Constant propagation created 0 cells and removed 0 cells

Phase 3 Sweep
Phase 3 Sweep | Checksum: c83671b3

Time (s): cpu = 00:00:00 ; elapsed = 00:00:00.057 . Memory (MB): peak = 1075.465 ; gain = 0.000
INFO: [Opt 31-389] Phase Sweep created 0 cells and removed 0 cells

Phase 4 BUFG optimization
Phase 4 BUFG optimization | Checksum: c83671b3

Time (s): cpu = 00:00:00 ; elapsed = 00:00:00.064 . Memory (MB): peak = 1075.465 ; gain = 0.000
INFO: [Opt 31-662] Phase BUFG optimization created 0 cells of which 0 are BUFGs and removed 0 cells.

Phase 5 Shift Register Optimization
Phase 5 Shift Register Optimization | Checksum: c83671b3

Time (s): cpu = 00:00:00 ; elapsed = 00:00:00.071 . Memory (MB): peak = 1075.465 ; gain = 0.000
INFO: [Opt 31-389] Phase Shift Register Optimization created 0 cells and removed 0 cells

Phase 6 Post Processing Netlist
Phase 6 Post Processing Netlist | Checksum: c83671b3

Time (s): cpu = 00:00:00 ; elapsed = 00:00:00.073 . Memory (MB): peak = 1075.465 ; gain = 0.000
INFO: [Opt 31-389] Phase Post Processing Netlist created 0 cells and removed 0 cells

Starting Connectivity Check Task

Time (s): cpu = 00:00:00 ; elapsed = 00:00:00.001 . Memory (MB): peak = 1075.465 ; gain = 0.000
Ending Logic Optimization Task | Checksum: c83671b3

Time (s): cpu = 00:00:00 ; elapsed = 00:00:00.076 . Memory (MB): peak = 1075.465 ; gain = 0.000

Starting Power Optimization Task
INFO: [Pwropt 34-132] Skipping clock gating for clocks with a period < 2.00 ns.
Ending Power Optimization Task | Checksum: c83671b3

Time (s): cpu = 00:00:00 ; elapsed = 00:00:00.027 . Memory (MB): peak = 1075.465 ; gain = 0.000

Starting Final Cleanup Task
Ending Final Cleanup Task | Checksum: c83671b3

Time (s): cpu = 00:00:00 ; elapsed = 00:00:00 . Memory (MB): peak = 1075.465 ; gain = 0.000
INFO: [Common 17-83] Releasing license: Implementation
22 Infos, 0 Warnings, 0 Critical Warnings and 0 Errors encountered.
opt_design completed successfully
opt_design: Time (s): cpu = 00:00:14 ; elapsed = 00:00:17 . Memory (MB): peak = 1075.465 ; gain = 529.582
WARNING: [Constraints 18-5210] No constraint will be written out.
INFO: [Common 17-1381] The checkpoint 'C:/Users/Ray/Desktop/DigLogic/lab_practical_2/practical_2.runs/impl_1/detector_opt.dcp' has been generated.
INFO: [runtcl-4] Executing : report_drc -file detector_drc_opted.rpt -pb detector_drc_opted.pb -rpx detector_drc_opted.rpx
Command: report_drc -file detector_drc_opted.rpt -pb detector_drc_opted.pb -rpx detector_drc_opted.rpx
INFO: [IP_Flow 19-234] Refreshing IP repositories
INFO: [IP_Flow 19-1704] No user IP repositories specified
INFO: [IP_Flow 19-2313] Loaded Vivado IP repository 'C:/Xilinx/Vivado/2018.2/data/ip'.
INFO: [DRC 23-27] Running DRC with 2 threads
INFO: [Coretcl 2-168] The results of DRC are in file C:/Users/Ray/Desktop/DigLogic/lab_practical_2/practical_2.runs/impl_1/detector_drc_opted.rpt.
report_drc completed successfully
Command: place_design
Attempting to get a license for feature 'Implementation' and/or device 'xc7a100t'
INFO: [Common 17-349] Got license for feature 'Implementation' and/or device 'xc7a100t'
INFO: [DRC 23-27] Running DRC with 2 threads
INFO: [Vivado_Tcl 4-198] DRC finished with 0 Errors
INFO: [Vivado_Tcl 4-199] Please refer to the DRC report (report_drc) for more information.
Running DRC as a precondition to command place_design
INFO: [DRC 23-27] Running DRC with 2 threads
INFO: [Vivado_Tcl 4-198] DRC finished with 0 Errors
INFO: [Vivado_Tcl 4-199] Please refer to the DRC report (report_drc) for more information.

Starting Placer Task
INFO: [Place 30-611] Multithreading enabled for place_design using a maximum of 2 CPUs

Phase 1 Placer Initialization

Phase 1.1 Placer Initialization Netlist Sorting
Netlist sorting complete. Time (s): cpu = 00:00:00 ; elapsed = 00:00:00 . Memory (MB): peak = 1076.031 ; gain = 0.000
Phase 1.1 Placer Initialization Netlist Sorting | Checksum: 73bfcc0f

Time (s): cpu = 00:00:00 ; elapsed = 00:00:00.018 . Memory (MB): peak = 1076.031 ; gain = 0.000
Netlist sorting complete. Time (s): cpu = 00:00:00 ; elapsed = 00:00:00 . Memory (MB): peak = 1076.031 ; gain = 0.000

Phase 1.2 IO Placement/ Clock Placement/ Build Placer Device
INFO: [Timing 38-35] Done setting XDC timing constraints.
Phase 1.2 IO Placement/ Clock Placement/ Build Placer Device | Checksum: 7cd81ce0

Time (s): cpu = 00:00:03 ; elapsed = 00:00:01 . Memory (MB): peak = 1098.641 ; gain = 22.609

Phase 1.3 Build Placer Netlist Model
Phase 1.3 Build Placer Netlist Model | Checksum: b65dede6

Time (s): cpu = 00:00:03 ; elapsed = 00:00:01 . Memory (MB): peak = 1098.641 ; gain = 22.609

Phase 1.4 Constrain Clocks/Macros
Phase 1.4 Constrain Clocks/Macros | Checksum: b65dede6

Time (s): cpu = 00:00:03 ; elapsed = 00:00:02 . Memory (MB): peak = 1098.641 ; gain = 22.609
Phase 1 Placer Initialization | Checksum: b65dede6

Time (s): cpu = 00:00:03 ; elapsed = 00:00:02 . Memory (MB): peak = 1098.641 ; gain = 22.609

Phase 2 Global Placement

Phase 2.1 Floorplanning
Phase 2.1 Floorplanning | Checksum: b65dede6

Time (s): cpu = 00:00:03 ; elapsed = 00:00:02 . Memory (MB): peak = 1098.641 ; gain = 22.609
WARNING: [Place 46-29] place_design is not in timing mode. Skip physical synthesis in placer
Phase 2 Global Placement | Checksum: a04905ef

Time (s): cpu = 00:00:04 ; elapsed = 00:00:02 . Memory (MB): peak = 1100.352 ; gain = 24.320

Phase 3 Detail Placement

Phase 3.1 Commit Multi Column Macros
Phase 3.1 Commit Multi Column Macros | Checksum: a04905ef

Time (s): cpu = 00:00:04 ; elapsed = 00:00:02 . Memory (MB): peak = 1100.352 ; gain = 24.320

Phase 3.2 Commit Most Macros & LUTRAMs
Phase 3.2 Commit Most Macros & LUTRAMs | Checksum: 8d1f1eb2

Time (s): cpu = 00:00:04 ; elapsed = 00:00:02 . Memory (MB): peak = 1100.352 ; gain = 24.320

Phase 3.3 Area Swap Optimization
Phase 3.3 Area Swap Optimization | Checksum: 136cb79be

Time (s): cpu = 00:00:04 ; elapsed = 00:00:02 . Memory (MB): peak = 1100.352 ; gain = 24.320

Phase 3.4 Pipeline Register Optimization
Phase 3.4 Pipeline Register Optimization | Checksum: 136cb79be

Time (s): cpu = 00:00:04 ; elapsed = 00:00:02 . Memory (MB): peak = 1100.352 ; gain = 24.320

Phase 3.5 Small Shape Detail Placement
Phase 3.5 Small Shape Detail Placement | Checksum: 1980191f2

Time (s): cpu = 00:00:05 ; elapsed = 00:00:03 . Memory (MB): peak = 1103.371 ; gain = 27.340

Phase 3.6 Re-assign LUT pins
Phase 3.6 Re-assign LUT pins | Checksum: 1980191f2

Time (s): cpu = 00:00:05 ; elapsed = 00:00:03 . Memory (MB): peak = 1103.371 ; gain = 27.340

Phase 3.7 Pipeline Register Optimization
Phase 3.7 Pipeline Register Optimization | Checksum: 1980191f2

Time (s): cpu = 00:00:05 ; elapsed = 00:00:03 . Memory (MB): peak = 1103.371 ; gain = 27.340
Phase 3 Detail Placement | Checksum: 1980191f2

Time (s): cpu = 00:00:05 ; elapsed = 00:00:03 . Memory (MB): peak = 1103.371 ; gain = 27.340

Phase 4 Post Placement Optimization and Clean-Up

Phase 4.1 Post Commit Optimization
Phase 4.1 Post Commit Optimization | Checksum: 1980191f2

Time (s): cpu = 00:00:05 ; elapsed = 00:00:03 . Memory (MB): peak = 1103.371 ; gain = 27.340

Phase 4.2 Post Placement Cleanup
Phase 4.2 Post Placement Cleanup | Checksum: 1980191f2

Time (s): cpu = 00:00:05 ; elapsed = 00:00:03 . Memory (MB): peak = 1103.371 ; gain = 27.340

Phase 4.3 Placer Reporting
Phase 4.3 Placer Reporting | Checksum: 1980191f2

Time (s): cpu = 00:00:05 ; elapsed = 00:00:03 . Memory (MB): peak = 1103.371 ; gain = 27.340

Phase 4.4 Final Placement Cleanup
Phase 4.4 Final Placement Cleanup | Checksum: 1b35ddb1e

Time (s): cpu = 00:00:05 ; elapsed = 00:00:03 . Memory (MB): peak = 1103.371 ; gain = 27.340
Phase 4 Post Placement Optimization and Clean-Up | Checksum: 1b35ddb1e

Time (s): cpu = 00:00:05 ; elapsed = 00:00:03 . Memory (MB): peak = 1103.371 ; gain = 27.340
Ending Placer Task | Checksum: fa23835a

Time (s): cpu = 00:00:05 ; elapsed = 00:00:03 . Memory (MB): peak = 1103.371 ; gain = 27.340
INFO: [Common 17-83] Releasing license: Implementation
39 Infos, 2 Warnings, 0 Critical Warnings and 0 Errors encountered.
place_design completed successfully
WARNING: [Constraints 18-5210] No constraint will be written out.
Writing placer database...
Writing XDEF routing.
Writing XDEF routing logical nets.
Writing XDEF routing special nets.
Write XDEF Complete: Time (s): cpu = 00:00:00 ; elapsed = 00:00:00.134 . Memory (MB): peak = 1103.371 ; gain = 0.000
INFO: [Common 17-1381] The checkpoint 'C:/Users/Ray/Desktop/DigLogic/lab_practical_2/practical_2.runs/impl_1/detector_placed.dcp' has been generated.
INFO: [runtcl-4] Executing : report_io -file detector_io_placed.rpt
report_io: Time (s): cpu = 00:00:01 ; elapsed = 00:00:00.108 . Memory (MB): peak = 1103.637 ; gain = 0.266
INFO: [runtcl-4] Executing : report_utilization -file detector_utilization_placed.rpt -pb detector_utilization_placed.pb
report_utilization: Time (s): cpu = 00:00:00 ; elapsed = 00:00:00.092 . Memory (MB): peak = 1103.637 ; gain = 0.000
INFO: [runtcl-4] Executing : report_control_sets -verbose -file detector_control_sets_placed.rpt
report_control_sets: Time (s): cpu = 00:00:00 ; elapsed = 00:00:00.006 . Memory (MB): peak = 1103.637 ; gain = 0.000
Command: route_design
Attempting to get a license for feature 'Implementation' and/or device 'xc7a100t'
INFO: [Common 17-349] Got license for feature 'Implementation' and/or device 'xc7a100t'
Running DRC as a precondition to command route_design
INFO: [DRC 23-27] Running DRC with 2 threads
INFO: [Vivado_Tcl 4-198] DRC finished with 0 Errors
INFO: [Vivado_Tcl 4-199] Please refer to the DRC report (report_drc) for more information.


Starting Routing Task
INFO: [Route 35-254] Multithreading enabled for route_design using a maximum of 2 CPUs
Checksum: PlaceDB: 8663b74b ConstDB: 0 ShapeSum: 73bfcc0f RouteDB: 0

Phase 1 Build RT Design
Phase 1 Build RT Design | Checksum: 10e363dff

Time (s): cpu = 00:00:46 ; elapsed = 00:00:43 . Memory (MB): peak = 1261.543 ; gain = 157.207
Post Restoration Checksum: NetGraph: 6255ae6e NumContArr: abe08f91 Constraints: 0 Timing: 0

Phase 2 Router Initialization
INFO: [Route 35-64] No timing constraints were detected. The router will operate in resource-optimization mode.

Phase 2.1 Fix Topology Constraints
Phase 2.1 Fix Topology Constraints | Checksum: 10e363dff

Time (s): cpu = 00:00:46 ; elapsed = 00:00:43 . Memory (MB): peak = 1267.699 ; gain = 163.363

Phase 2.2 Pre Route Cleanup
Phase 2.2 Pre Route Cleanup | Checksum: 10e363dff

Time (s): cpu = 00:00:46 ; elapsed = 00:00:43 . Memory (MB): peak = 1267.699 ; gain = 163.363
 Number of Nodes with overlaps = 0
Phase 2 Router Initialization | Checksum: 10d238476

Time (s): cpu = 00:00:46 ; elapsed = 00:00:43 . Memory (MB): peak = 1273.770 ; gain = 169.434

Phase 3 Initial Routing
Phase 3 Initial Routing | Checksum: 17697b334

Time (s): cpu = 00:00:46 ; elapsed = 00:00:43 . Memory (MB): peak = 1273.770 ; gain = 169.434

Phase 4 Rip-up And Reroute

Phase 4.1 Global Iteration 0
 Number of Nodes with overlaps = 0
Phase 4.1 Global Iteration 0 | Checksum: c1137d9a

Time (s): cpu = 00:00:46 ; elapsed = 00:00:43 . Memory (MB): peak = 1273.770 ; gain = 169.434
Phase 4 Rip-up And Reroute | Checksum: c1137d9a

Time (s): cpu = 00:00:46 ; elapsed = 00:00:43 . Memory (MB): peak = 1273.770 ; gain = 169.434

Phase 5 Delay and Skew Optimization
Phase 5 Delay and Skew Optimization | Checksum: c1137d9a

Time (s): cpu = 00:00:46 ; elapsed = 00:00:43 . Memory (MB): peak = 1273.770 ; gain = 169.434

Phase 6 Post Hold Fix

Phase 6.1 Hold Fix Iter
Phase 6.1 Hold Fix Iter | Checksum: c1137d9a

Time (s): cpu = 00:00:46 ; elapsed = 00:00:43 . Memory (MB): peak = 1273.770 ; gain = 169.434
Phase 6 Post Hold Fix | Checksum: c1137d9a

Time (s): cpu = 00:00:46 ; elapsed = 00:00:43 . Memory (MB): peak = 1273.770 ; gain = 169.434

Phase 7 Route finalize

Router Utilization Summary
  Global Vertical Routing Utilization    = 8.70436e-05 %
  Global Horizontal Routing Utilization  = 0.000426257 %
  Routable Net Status*
  *Does not include unroutable nets such as driverless and loadless.
  Run report_route_status for detailed report.
  Number of Failed Nets               = 0
  Number of Unrouted Nets             = 0
  Number of Partially Routed Nets     = 0
  Number of Node Overlaps             = 0

Congestion Report
North Dir 1x1 Area, Max Cong = 0%, No Congested Regions.
South Dir 1x1 Area, Max Cong = 0.900901%, No Congested Regions.
East Dir 1x1 Area, Max Cong = 2.94118%, No Congested Regions.
West Dir 1x1 Area, Max Cong = 1.47059%, No Congested Regions.

------------------------------
Reporting congestion hotspots
------------------------------
Direction: North
----------------
Congested clusters found at Level 0
Effective congestion level: 0 Aspect Ratio: 1 Sparse Ratio: 0
Direction: South
----------------
Congested clusters found at Level 0
Effective congestion level: 0 Aspect Ratio: 1 Sparse Ratio: 0
Direction: East
----------------
Congested clusters found at Level 0
Effective congestion level: 0 Aspect Ratio: 1 Sparse Ratio: 0
Direction: West
----------------
Congested clusters found at Level 0
Effective congestion level: 0 Aspect Ratio: 1 Sparse Ratio: 0

Phase 7 Route finalize | Checksum: c1137d9a

Time (s): cpu = 00:00:47 ; elapsed = 00:00:43 . Memory (MB): peak = 1273.770 ; gain = 169.434

Phase 8 Verifying routed nets

 Verification completed successfully
Phase 8 Verifying routed nets | Checksum: c1137d9a

Time (s): cpu = 00:00:47 ; elapsed = 00:00:43 . Memory (MB): peak = 1274.074 ; gain = 169.738

Phase 9 Depositing Routes
Phase 9 Depositing Routes | Checksum: ebbf6884

Time (s): cpu = 00:00:47 ; elapsed = 00:00:43 . Memory (MB): peak = 1274.074 ; gain = 169.738
INFO: [Route 35-16] Router Completed Successfully

Time (s): cpu = 00:00:47 ; elapsed = 00:00:43 . Memory (MB): peak = 1274.074 ; gain = 169.738

Routing Is Done.
INFO: [Common 17-83] Releasing license: Implementation
51 Infos, 3 Warnings, 0 Critical Warnings and 0 Errors encountered.
route_design completed successfully
route_design: Time (s): cpu = 00:00:47 ; elapsed = 00:00:44 . Memory (MB): peak = 1274.074 ; gain = 170.438
WARNING: [Constraints 18-5210] No constraint will be written out.
Writing placer database...
Writing XDEF routing.
Writing XDEF routing logical nets.
Writing XDEF routing special nets.
Write XDEF Complete: Time (s): cpu = 00:00:00 ; elapsed = 00:00:00.058 . Memory (MB): peak = 1274.074 ; gain = 0.000
INFO: [Common 17-1381] The checkpoint 'C:/Users/Ray/Desktop/DigLogic/lab_practical_2/practical_2.runs/impl_1/detector_routed.dcp' has been generated.
INFO: [runtcl-4] Executing : report_drc -file detector_drc_routed.rpt -pb detector_drc_routed.pb -rpx detector_drc_routed.rpx
Command: report_drc -file detector_drc_routed.rpt -pb detector_drc_routed.pb -rpx detector_drc_routed.rpx
INFO: [DRC 23-27] Running DRC with 2 threads
INFO: [Coretcl 2-168] The results of DRC are in file C:/Users/Ray/Desktop/DigLogic/lab_practical_2/practical_2.runs/impl_1/detector_drc_routed.rpt.
report_drc completed successfully
INFO: [runtcl-4] Executing : report_methodology -file detector_methodology_drc_routed.rpt -pb detector_methodology_drc_routed.pb -rpx detector_methodology_drc_routed.rpx
Command: report_methodology -file detector_methodology_drc_routed.rpt -pb detector_methodology_drc_routed.pb -rpx detector_methodology_drc_routed.rpx
INFO: [Timing 38-35] Done setting XDC timing constraints.
INFO: [Timing 38-35] Done setting XDC timing constraints.
INFO: [DRC 23-133] Running Methodology with 2 threads
INFO: [Coretcl 2-1520] The results of Report Methodology are in file C:/Users/Ray/Desktop/DigLogic/lab_practical_2/practical_2.runs/impl_1/detector_methodology_drc_routed.rpt.
report_methodology completed successfully
INFO: [runtcl-4] Executing : report_power -file detector_power_routed.rpt -pb detector_power_summary_routed.pb -rpx detector_power_routed.rpx
Command: report_power -file detector_power_routed.rpt -pb detector_power_summary_routed.pb -rpx detector_power_routed.rpx
WARNING: [Power 33-232] No user defined clocks were found in the design!
Resolution: Please specify clocks using create_clock/create_generated_clock for sequential elements. For pure combinatorial circuits, please specify a virtual clock, otherwise the vectorless estimation might be inaccurate
INFO: [Timing 38-35] Done setting XDC timing constraints.
Running Vector-less Activity Propagation...

Finished Running Vector-less Activity Propagation
62 Infos, 5 Warnings, 0 Critical Warnings and 0 Errors encountered.
report_power completed successfully
INFO: [runtcl-4] Executing : report_route_status -file detector_route_status.rpt -pb detector_route_status.pb
INFO: [runtcl-4] Executing : report_timing_summary -max_paths 10 -file detector_timing_summary_routed.rpt -pb detector_timing_summary_routed.pb -rpx detector_timing_summary_routed.rpx -warn_on_violation 
INFO: [Timing 38-91] UpdateTimingParams: Speed grade: -1, Delay Type: min_max, Timing Stage: Requireds.
INFO: [Timing 38-191] Multithreading enabled for timing update using a maximum of 2 CPUs
WARNING: [Timing 38-313] There are no user specified timing constraints. Timing constraints are needed for proper timing analysis.
INFO: [runtcl-4] Executing : report_incremental_reuse -file detector_incremental_reuse_routed.rpt
INFO: [Vivado_Tcl 4-545] No incremental reuse to report, no incremental placement and routing data was found.
INFO: [runtcl-4] Executing : report_clock_utilization -file detector_clock_utilization_routed.rpt
INFO: [runtcl-4] Executing : report_bus_skew -warn_on_violation -file detector_bus_skew_routed.rpt -pb detector_bus_skew_routed.pb -rpx detector_bus_skew_routed.rpx
INFO: [Timing 38-91] UpdateTimingParams: Speed grade: -1, Delay Type: min_max, Timing Stage: Requireds.
INFO: [Timing 38-191] Multithreading enabled for timing update using a maximum of 2 CPUs
INFO: [Common 17-206] Exiting Vivado at Fri Oct 19 14:56:46 2018...
